1694348907399	geckodriver	INFO	Listening on 127.0.0.1:36631
1694348907963	mozrunner::runner	INFO	Running command: MOZ_CRASHREPORTER="1" MOZ_CRASHREPORTER_NO_REPORT="1" MOZ_CRASHREPORTER_SHUTDOWN="1" MOZ_NO_REMOTE="1" "/usr ... te" "--remote-debugging-port" "34699" "--remote-allow-hosts" "localhost" "-no-remote" "-profile" "/tmp/rust_mozprofile6QLvbn"
console.warn: services.settings: Ignoring preference override of remote settings server
console.warn: services.settings: Allow by setting MOZ_REMOTE_SETTINGS_DEVTOOLS=1 in the environment
ATTENTION: default value of option mesa_glthread overridden by environment.
ATTENTION: default value of option mesa_glthread overridden by environment.
ATTENTION: default value of option mesa_glthread overridden by environment.
1694348914118	Marionette	INFO	Marionette enabled
1694348914307	Marionette	INFO	Listening on port 44789
WebDriver BiDi listening on ws://127.0.0.1:34699
Read port: 44789
1694348914550	RemoteAgent	WARN	TLS certificate errors will be ignored for this session
console.error: ({})
DevTools listening on ws://127.0.0.1:34699/devtools/browser/0c34bf4a-a7f2-4827-9942-e3a36eeb4bf6
libva info: VA-API version 1.14.0
libva info: Trying to open /usr/lib/x86_64-linux-gnu/dri/iHD_drv_video.so
libva info: Found init function __vaDriverInit_1_14
libva info: va_openDriver() returns 0
ATTENTION: default value of option mesa_glthread overridden by environment.
libva info: VA-API version 1.14.0
libva info: Trying to open /usr/lib/x86_64-linux-gnu/dri/iHD_drv_video.so
libva info: Found init function __vaDriverInit_1_14
libva info: va_openDriver() returns 0
JavaScript error: https://ssp.bidvol.com/loader.js, line 1: TypeError: NetworkError when attempting to fetch resource.
ATTENTION: default value of option mesa_glthread overridden by environment.
1694348920590	Marionette	INFO	Stopped listening on port 44789
